<?xml version="1.0" encoding="UTF-8"?>
<!-- Generated by org.testng.reporters.JUnitReportReporter -->
<testsuite hostname="DESKTOP-AOENI2B" failures="0" tests="2" name="com.dhimas.belajar.belajarcucumber2.PostTest19_1" time="242.021" errors="0" timestamp="2022-12-02T20:43:56 WIB" skipped="0">
  <testcase classname="com.dhimas.belajar.belajarcucumber2.PostTest19_1" name="runScenario" time="197.600"/>
  <system-out/>
  <testcase classname="com.dhimas.belajar.belajarcucumber2.PostTest19_1" name="runScenario" time="44.421"/>
  <system-out/>
</testsuite> <!-- com.dhimas.belajar.belajarcucumber2.PostTest19_1 -->
